2026-03-24 00:05:25, MOVE, v:1, k:ed@casais, mode:PICK
2026-03-24 00:26:07, MOVE, v:1, k:ed@casais, mode:BACK
2026-03-24 11:00:33, MOVE, v:1, k:ed@casais, mode:PICK
2026-03-24 11:01:21, EXEC, v:1, k:ed@casais, mode:FULL, size:16, fail:COMP
2026-03-24 11:01:31, EXEC, v:1, k:ed@casais, mode:FULL, size:16, fail:COMP
2026-03-24 11:02:39, EXEC, v:1, k:ed@casais, mode:FULL, size:16, fail:COMP
2026-03-24 11:16:06, EXEC, v:1, k:ed@casais, mode:FULL, size:19, fail:COMP
2026-03-24 11:16:19, EXEC, v:1, k:ed@casais, mode:FULL, rate:0, size:19
2026-03-24 11:16:41, EXEC, v:1, k:ed@casais, mode:FULL, rate:0, size:20
2026-03-24 11:17:14, EXEC, v:1, k:ed@casais, mode:FULL, rate:0, size:21
2026-03-24 11:19:07, EXEC, v:1, k:ed@casais, mode:FULL, rate:50, size:22
2026-03-24 11:23:03, EXEC, v:1, k:ed@casais, mode:FULL, size:31, fail:COMP
2026-03-24 11:23:51, EXEC, v:1, k:ed@casais, mode:FULL, size:25, fail:COMP
2026-03-24 11:23:51, EXEC, v:1, k:ed@casais, mode:FULL, size:25, fail:COMP
2026-03-24 11:24:00, EXEC, v:1, k:ed@casais, mode:FULL, rate:75, size:25
2026-03-24 11:25:13, EXEC, v:1, k:ed@casais, mode:FULL, rate:0, size:25
2026-03-24 11:25:19, EXEC, v:1, k:ed@casais, mode:FULL, rate:0
2026-03-24 11:25:40, EXEC, v:1, k:ed@casais, mode:FULL, rate:0, size:25
2026-03-24 11:27:55, EXEC, v:1, k:ed@casais, mode:FULL, rate:0, size:25
2026-03-24 11:29:01, EXEC, v:1, k:ed@casais, mode:FULL, rate:0, size:25
2026-03-24 11:29:07, EXEC, v:1, k:ed@casais, mode:FULL, rate:0
2026-03-24 11:29:09, EXEC, v:1, k:ed@casais, mode:FULL, rate:100, size:24
2026-03-24 11:29:25, SELF, v:1, k:ed@casais, self:1, rate:100, study:60, friend:Nao, concept:1
2026-03-24 11:29:29, MOVE, v:1, k:ed@casais, mode:BACK
2026-03-24 14:45:59, MOVE, v:1, k:ed@casais, mode:PICK
2026-03-24 14:46:01, EXEC, v:1, k:ed@casais, mode:FULL, rate:100
2026-03-24 14:46:02, MOVE, v:1, k:ed@casais, mode:BACK
2026-03-24 14:46:05, MOVE, v:1, k:ed@casais, mode:PICK
2026-03-24 14:46:06, EXEC, v:1, k:ed@casais, mode:FULL, rate:100
2026-03-24 14:46:07, EXEC, v:1, k:ed@casais, mode:FULL, rate:100
2026-03-24 14:46:11, MOVE, v:1, k:ed@casais, mode:BACK
2026-03-24 14:46:50, MOVE, v:1, k:ed@baruel, mode:DOWN
2026-03-24 14:46:51, MOVE, v:1, k:ed@baruel, mode:PICK
2026-03-24 15:39:44, MOVE, v:1, k:ed@baruel, mode:BACK
2026-03-24 15:40:06, MOVE, v:1, k:ed@princesa, mode:DOWN
2026-03-24 15:40:09, MOVE, v:1, k:ed@princesa, mode:PICK
2026-03-24 15:59:30, MOVE, v:1, k:ed@princesa, mode:BACK
2026-03-24 15:59:38, MOVE, v:1, k:ed@baruel, mode:PICK
2026-03-24 15:59:42, EXEC, v:1, k:ed@baruel, mode:FULL, rate:0, size:5
2026-03-24 15:59:42, MOVE, v:1, k:ed@baruel, mode:BACK
