2026-04-18 20:25:47, MOVE, v:1, k:ed@baruel, mode:PICK
2026-04-18 20:25:48, EXEC, v:1, k:ed@baruel, mode:FULL, fail:COMP
2026-04-18 20:35:04, MOVE, v:1, k:ed@baruel, mode:BACK
2026-04-18 20:35:05, MOVE, v:1, k:ed@baruel, mode:PICK
2026-04-18 20:37:25, EXEC, v:1, k:ed@baruel, mode:FULL, size:26, fail:COMP
2026-04-18 20:37:45, EXEC, v:1, k:ed@baruel, mode:FULL, size:25, fail:COMP
2026-04-18 20:38:02, EXEC, v:1, k:ed@baruel, mode:FULL, size:25, fail:COMP
2026-04-18 20:38:05, EXEC, v:1, k:ed@baruel, mode:FULL, size:25, fail:COMP
2026-04-18 20:38:15, MOVE, v:1, k:ed@baruel, mode:BACK
2026-04-18 20:38:17, MOVE, v:1, k:ed@pintando, mode:PICK
2026-04-18 20:38:18, EXEC, v:1, k:ed@pintando, mode:FULL, rate:100
2026-04-18 20:38:47, EXEC, v:1, k:ed@pintando, mode:FREE
2026-04-18 20:38:57, MOVE, v:1, k:ed@pintando, mode:BACK
2026-04-18 20:39:00, MOVE, v:1, k:ed@mumia, mode:PICK
2026-04-18 20:39:02, MOVE, v:1, k:ed@mumia, mode:BACK
2026-04-18 20:39:07, MOVE, v:1, k:ed@pedra, mode:PICK
2026-04-18 20:39:24, EXEC, v:1, k:ed@pedra, mode:FULL, rate:100
2026-04-18 20:38:04, MOVE, v:1, k:ed@baruel, mode:EDIT
2026-04-18 20:41:08, MOVE, v:1, k:ed@pedra, mode:BACK
2026-04-18 20:41:10, MOVE, v:1, k:ed@casais, mode:PICK
2026-04-18 20:41:12, EXEC, v:1, k:ed@casais, mode:FULL, rate:0, size:26
2026-04-18 20:41:21, EXEC, v:1, k:ed@casais, mode:FULL, rate:0
2026-04-18 20:41:23, EXEC, v:1, k:ed@casais, mode:FULL, rate:0
2026-04-18 20:41:24, EXEC, v:1, k:ed@casais, mode:FULL, rate:0
2026-04-18 20:41:24, EXEC, v:1, k:ed@casais, mode:FULL, rate:0
2026-04-18 20:57:03, MOVE, v:1, k:ed@casais, mode:BACK
2026-04-18 20:57:04, MOVE, v:1, k:ed@baruel, mode:PICK
2026-04-18 20:57:10, EXEC, v:1, k:ed@baruel, mode:FULL, fail:COMP
2026-04-18 20:57:26, EXEC, v:1, k:ed@baruel, mode:FULL, fail:COMP
2026-04-18 20:57:27, EXEC, v:1, k:ed@baruel, mode:FULL, fail:COMP
2026-04-18 20:57:31, EXEC, v:1, k:ed@baruel, mode:FULL, rate:0, size:23
2026-04-18 21:00:08, MOVE, v:1, k:ed@baruel, mode:EDIT
2026-04-18 21:00:35, EXEC, v:1, k:ed@baruel, mode:FULL, rate:0, size:26
2026-04-18 21:01:44, EXEC, v:1, k:ed@baruel, mode:FULL, rate:0, size:26
2026-04-18 21:01:51, EXEC, v:1, k:ed@baruel, mode:FULL, rate:0, size:26
2026-04-18 21:02:26, EXEC, v:1, k:ed@baruel, mode:FULL, size:26, fail:COMP
2026-04-18 21:03:43, EXEC, v:1, k:ed@baruel, mode:FULL, rate:0, size:29
2026-04-18 21:04:02, EXEC, v:1, k:ed@baruel, mode:FULL, rate:0, size:29
2026-04-18 21:05:09, EXEC, v:1, k:ed@baruel, mode:FULL, rate:0, size:29
2026-04-18 21:05:07, MOVE, v:1, k:ed@baruel, mode:EDIT
2026-04-18 21:07:01, EXEC, v:1, k:ed@baruel, mode:FULL, size:34, fail:COMP
2026-04-18 21:07:08, EXEC, v:1, k:ed@baruel, mode:FULL, fail:COMP
2026-04-18 21:07:26, EXEC, v:1, k:ed@baruel, mode:FULL, rate:0, size:33
2026-04-18 21:07:47, EXEC, v:1, k:ed@baruel, mode:FULL, rate:0, size:33
2026-04-18 21:08:03, EXEC, v:1, k:ed@baruel, mode:FULL, rate:0, size:33
2026-04-18 21:08:13, MOVE, v:1, k:ed@baruel, mode:PICK
2026-04-18 21:08:16, EXEC, v:1, k:ed@baruel, mode:FULL, rate:0
2026-04-18 21:09:16, EXEC, v:1, k:ed@baruel, mode:FULL, rate:0, size:33
2026-04-18 21:09:21, EXEC, v:1, k:ed@baruel, mode:FULL, rate:0, size:33
2026-04-18 21:09:25, EXEC, v:1, k:ed@baruel, mode:FULL, rate:25, size:33
2026-04-18 21:09:24, MOVE, v:1, k:ed@baruel, mode:EDIT
2026-04-18 21:25:45, MOVE, v:1, k:ed@baruel, mode:BACK
2026-04-18 21:26:19, MOVE, v:1, k:ed@baruel, mode:PICK
2026-04-18 21:29:54, EXEC, v:1, k:ed@baruel, mode:FULL, rate:25
2026-04-18 21:34:01, EXEC, v:1, k:ed@baruel, mode:FULL, size:39, fail:COMP
2026-04-18 21:34:30, EXEC, v:1, k:ed@baruel, mode:FULL, fail:COMP
2026-04-18 21:34:38, MOVE, v:1, k:ed@baruel, mode:PICK
2026-04-18 21:34:39, EXEC, v:1, k:ed@baruel, mode:FULL, fail:COMP
2026-04-18 21:34:45, EXEC, v:1, k:ed@baruel, mode:FULL, fail:COMP
2026-04-18 21:34:49, EXEC, v:1, k:ed@baruel, mode:FULL, fail:COMP
2026-04-18 21:34:54, EXEC, v:1, k:ed@baruel, mode:FULL, fail:COMP
2026-04-18 21:34:59, EXEC, v:1, k:ed@baruel, mode:FULL, fail:COMP
2026-04-18 21:35:03, EXEC, v:1, k:ed@baruel, mode:FULL, size:34, fail:COMP
2026-04-18 21:35:30, EXEC, v:1, k:ed@baruel, mode:FULL, size:36, fail:COMP
2026-04-18 21:35:39, EXEC, v:1, k:ed@baruel, mode:FULL, size:36, fail:COMP
2026-04-18 21:35:42, EXEC, v:1, k:ed@baruel, mode:FULL, fail:COMP
2026-04-18 21:36:03, EXEC, v:1, k:ed@baruel, mode:FULL, size:36, fail:COMP
2026-04-18 21:36:18, MOVE, v:1, k:ed@baruel, mode:PICK
2026-04-18 21:36:27, EXEC, v:1, k:ed@baruel, mode:FULL, size:35, fail:COMP
2026-04-18 21:36:32, EXEC, v:1, k:ed@baruel, mode:FULL, size:33, fail:COMP
2026-04-18 21:36:40, EXEC, v:1, k:ed@baruel, mode:FULL, size:32, fail:COMP
2026-04-18 21:36:43, EXEC, v:1, k:ed@baruel, mode:FULL, size:33, fail:COMP
2026-04-18 21:36:49, EXEC, v:1, k:ed@baruel, mode:FULL, rate:0, size:33
2026-04-18 21:36:56, EXEC, v:1, k:ed@baruel, mode:FULL, rate:25, size:33
2026-04-18 21:38:38, EXEC, v:1, k:ed@baruel, mode:FULL, size:37, fail:COMP
2026-04-18 21:38:46, EXEC, v:1, k:ed@baruel, mode:FULL, size:37, fail:COMP
2026-04-18 21:38:53, EXEC, v:1, k:ed@baruel, mode:FULL, rate:0, size:36
2026-04-18 21:40:47, EXEC, v:1, k:ed@baruel, mode:FULL, rate:0, size:39
2026-04-18 21:40:46, MOVE, v:1, k:ed@baruel, mode:EDIT
2026-04-18 21:43:04, EXEC, v:1, k:ed@baruel, mode:FULL, rate:0, size:41
2026-04-18 21:43:09, EXEC, v:1, k:ed@baruel, mode:FULL, size:42, fail:COMP
2026-04-18 21:43:22, MOVE, v:1, k:ed@baruel, mode:PICK
2026-04-18 21:43:53, EXEC, v:1, k:ed@baruel, mode:FULL, rate:25, size:48
2026-04-18 21:44:23, EXEC, v:1, k:ed@baruel, mode:FULL, rate:0, size:48
2026-04-18 21:44:32, EXEC, v:1, k:ed@baruel, mode:FULL, rate:25, size:48
2026-04-18 21:44:31, MOVE, v:1, k:ed@baruel, mode:EDIT
2026-04-18 21:48:57, EXEC, v:1, k:ed@baruel, mode:FULL, rate:50, size:48
2026-04-18 21:50:14, EXEC, v:1, k:ed@baruel, mode:FULL, rate:50, size:58
2026-04-18 21:50:33, EXEC, v:1, k:ed@baruel, mode:FULL, rate:0, size:58
2026-04-18 21:50:41, MOVE, v:1, k:ed@baruel, mode:PICK
2026-04-18 21:51:15, EXEC, v:1, k:ed@baruel, mode:FULL, size:61, fail:COMP
2026-04-18 21:51:23, EXEC, v:1, k:ed@baruel, mode:FULL, rate:75, size:59
2026-04-18 21:52:07, EXEC, v:1, k:ed@baruel, mode:FULL, rate:50, size:58
2026-04-18 21:54:40, EXEC, v:1, k:ed@baruel, mode:FULL, rate:50, size:58
2026-04-18 21:54:51, MOVE, v:1, k:ed@baruel, mode:PICK
2026-04-18 21:54:52, MOVE, v:1, k:ed@baruel, mode:BACK
2026-04-18 21:54:53, MOVE, v:1, k:ed@baruel, mode:PICK
2026-04-18 21:56:58, EXEC, v:1, k:ed@baruel, mode:FULL, size:58, fail:COMP
2026-04-18 21:57:05, EXEC, v:1, k:ed@baruel, mode:FULL, rate:100, size:57
2026-04-18 21:57:12, EXEC, v:1, k:ed@baruel, mode:FULL, rate:100
2026-04-18 21:57:13, MOVE, v:1, k:ed@baruel, mode:BACK
2026-04-18 21:58:07, SELF, v:1, k:ed@baruel, self:1, rate:100, study:180, concept:1
2026-04-18 21:58:12, MOVE, v:1, k:ed@gomos, mode:DOWN
2026-04-18 21:58:14, MOVE, v:1, k:ed@gomos, mode:PICK
2026-04-18 21:57:04, MOVE, v:1, k:ed@baruel, mode:EDIT
2026-04-18 21:58:12, MOVE, v:1, k:ed@gomos, mode:EDIT
2026-04-18 21:58:12, MOVE, v:1, k:ed@gomos, mode:EDIT
2026-04-18 21:58:12, MOVE, v:1, k:ed@gomos, mode:EDIT
2026-04-18 22:28:01, MOVE, v:1, k:ed@gomos, mode:BACK
